{"/home/ae_maximova/frontend-project-46/src/index.js": {"path":"/home/ae_maximova/frontend-project-46/src/index.js","statementMap":{"0":{"start":{"line":6,"column":18},"end":{"line":10,"column":1}},"1":{"start":{"line":7,"column":15},"end":{"line":7,"column":47}},"2":{"start":{"line":8,"column":19},"end":{"line":8,"column":35}},"3":{"start":{"line":9,"column":2},"end":{"line":9,"column":18}},"4":{"start":{"line":12,"column":18},"end":{"line":16,"column":1}},"5":{"start":{"line":13,"column":15},"end":{"line":13,"column":47}},"6":{"start":{"line":14,"column":19},"end":{"line":14,"column":38}},"7":{"start":{"line":15,"column":2},"end":{"line":15,"column":18}},"8":{"start":{"line":18,"column":18},"end":{"line":40,"column":1}},"9":{"start":{"line":19,"column":23},"end":{"line":19,"column":45}},"10":{"start":{"line":20,"column":21},"end":{"line":20,"column":56}},"11":{"start":{"line":21,"column":17},"end":{"line":38,"column":8}},"12":{"start":{"line":22,"column":17},"end":{"line":22,"column":20}},"13":{"start":{"line":23,"column":4},"end":{"line":36,"column":5}},"14":{"start":{"line":24,"column":6},"end":{"line":33,"column":7}},"15":{"start":{"line":25,"column":8},"end":{"line":30,"column":9}},"16":{"start":{"line":26,"column":10},"end":{"line":26,"column":62}},"17":{"start":{"line":28,"column":10},"end":{"line":28,"column":50}},"18":{"start":{"line":29,"column":10},"end":{"line":29,"column":50}},"19":{"start":{"line":32,"column":8},"end":{"line":32,"column":48}},"20":{"start":{"line":35,"column":6},"end":{"line":35,"column":46}},"21":{"start":{"line":37,"column":4},"end":{"line":37,"column":18}},"22":{"start":{"line":39,"column":2},"end":{"line":39,"column":25}},"23":{"start":{"line":42,"column":14},"end":{"line":59,"column":1}},"24":{"start":{"line":43,"column":25},"end":{"line":43,"column":48}},"25":{"start":{"line":44,"column":25},"end":{"line":44,"column":49}},"26":{"start":{"line":47,"column":2},"end":{"line":51,"column":3}},"27":{"start":{"line":48,"column":4},"end":{"line":48,"column":33}},"28":{"start":{"line":49,"column":9},"end":{"line":51,"column":3}},"29":{"start":{"line":50,"column":4},"end":{"line":50,"column":33}},"30":{"start":{"line":52,"column":2},"end":{"line":56,"column":3}},"31":{"start":{"line":53,"column":4},"end":{"line":53,"column":34}},"32":{"start":{"line":54,"column":9},"end":{"line":56,"column":3}},"33":{"start":{"line":55,"column":4},"end":{"line":55,"column":34}},"34":{"start":{"line":57,"column":17},"end":{"line":57,"column":40}},"35":{"start":{"line":58,"column":2},"end":{"line":58,"column":16}},"36":{"start":{"line":61,"column":16},"end":{"line":72,"column":1}},"37":{"start":{"line":62,"column":22},"end":{"line":62,"column":31}},"38":{"start":{"line":63,"column":22},"end":{"line":63,"column":31}},"39":{"start":{"line":64,"column":2},"end":{"line":66,"column":3}},"40":{"start":{"line":65,"column":4},"end":{"line":65,"column":59}},"41":{"start":{"line":67,"column":2},"end":{"line":69,"column":3}},"42":{"start":{"line":68,"column":4},"end":{"line":68,"column":59}},"43":{"start":{"line":70,"column":17},"end":{"line":70,"column":52}},"44":{"start":{"line":71,"column":2},"end":{"line":71,"column":16}}},"fnMap":{"0":{"name":"(anonymous_0)","decl":{"start":{"line":6,"column":18},"end":{"line":6,"column":19}},"loc":{"start":{"line":6,"column":34},"end":{"line":10,"column":1}},"line":6},"1":{"name":"(anonymous_1)","decl":{"start":{"line":12,"column":18},"end":{"line":12,"column":19}},"loc":{"start":{"line":12,"column":34},"end":{"line":16,"column":1}},"line":12},"2":{"name":"(anonymous_2)","decl":{"start":{"line":18,"column":18},"end":{"line":18,"column":19}},"loc":{"start":{"line":18,"column":36},"end":{"line":40,"column":1}},"line":18},"3":{"name":"(anonymous_3)","decl":{"start":{"line":21,"column":35},"end":{"line":21,"column":36}},"loc":{"start":{"line":21,"column":49},"end":{"line":38,"column":3}},"line":21},"4":{"name":"(anonymous_4)","decl":{"start":{"line":42,"column":14},"end":{"line":42,"column":15}},"loc":{"start":{"line":42,"column":41},"end":{"line":59,"column":1}},"line":42},"5":{"name":"(anonymous_5)","decl":{"start":{"line":61,"column":16},"end":{"line":61,"column":17}},"loc":{"start":{"line":61,"column":42},"end":{"line":72,"column":1}},"line":61}},"branchMap":{"0":{"loc":{"start":{"line":23,"column":4},"end":{"line":36,"column":5}},"type":"if","locations":[{"start":{"line":23,"column":4},"end":{"line":36,"column":5}},{"start":{"line":34,"column":11},"end":{"line":36,"column":5}}],"line":23},"1":{"loc":{"start":{"line":24,"column":6},"end":{"line":33,"column":7}},"type":"if","locations":[{"start":{"line":24,"column":6},"end":{"line":33,"column":7}},{"start":{"line":31,"column":13},"end":{"line":33,"column":7}}],"line":24},"2":{"loc":{"start":{"line":25,"column":8},"end":{"line":30,"column":9}},"type":"if","locations":[{"start":{"line":25,"column":8},"end":{"line":30,"column":9}},{"start":{"line":27,"column":15},"end":{"line":30,"column":9}}],"line":25},"3":{"loc":{"start":{"line":47,"column":2},"end":{"line":51,"column":3}},"type":"if","locations":[{"start":{"line":47,"column":2},"end":{"line":51,"column":3}},{"start":{"line":49,"column":9},"end":{"line":51,"column":3}}],"line":47},"4":{"loc":{"start":{"line":49,"column":9},"end":{"line":51,"column":3}},"type":"if","locations":[{"start":{"line":49,"column":9},"end":{"line":51,"column":3}},{"start":{},"end":{}}],"line":49},"5":{"loc":{"start":{"line":52,"column":2},"end":{"line":56,"column":3}},"type":"if","locations":[{"start":{"line":52,"column":2},"end":{"line":56,"column":3}},{"start":{"line":54,"column":9},"end":{"line":56,"column":3}}],"line":52},"6":{"loc":{"start":{"line":54,"column":9},"end":{"line":56,"column":3}},"type":"if","locations":[{"start":{"line":54,"column":9},"end":{"line":56,"column":3}},{"start":{},"end":{}}],"line":54},"7":{"loc":{"start":{"line":64,"column":2},"end":{"line":66,"column":3}},"type":"if","locations":[{"start":{"line":64,"column":2},"end":{"line":66,"column":3}},{"start":{},"end":{}}],"line":64},"8":{"loc":{"start":{"line":67,"column":2},"end":{"line":69,"column":3}},"type":"if","locations":[{"start":{"line":67,"column":2},"end":{"line":69,"column":3}},{"start":{},"end":{}}],"line":67}},"s":{"0":1,"1":2,"2":2,"3":2,"4":1,"5":0,"6":0,"7":0,"8":1,"9":1,"10":1,"11":1,"12":5,"13":5,"14":4,"15":2,"16":1,"17":1,"18":1,"19":2,"20":1,"21":5,"22":1,"23":1,"24":1,"25":1,"26":1,"27":1,"28":0,"29":0,"30":1,"31":1,"32":0,"33":0,"34":1,"35":1,"36":1,"37":1,"38":1,"39":1,"40":1,"41":1,"42":1,"43":1,"44":1},"f":{"0":2,"1":0,"2":1,"3":5,"4":1,"5":1},"b":{"0":[4,1],"1":[2,2],"2":[1,1],"3":[1,0],"4":[0,0],"5":[1,0],"6":[0,0],"7":[1,0],"8":[1,0]},"_coverageSchema":"1a1c01bbd47fc00a2c39e90264f33305004495a9","hash":"0679889a39e6fd2fc650b7bdc411a1363318b255"}
}
