TN:
SF:src/index.js
FN:6,(anonymous_0)
FN:12,(anonymous_1)
FN:18,(anonymous_2)
FN:21,(anonymous_3)
FN:42,(anonymous_4)
FN:61,(anonymous_5)
FNF:6
FNH:5
FNDA:2,(anonymous_0)
FNDA:0,(anonymous_1)
FNDA:1,(anonymous_2)
FNDA:5,(anonymous_3)
FNDA:1,(anonymous_4)
FNDA:1,(anonymous_5)
DA:6,1
DA:7,2
DA:8,2
DA:9,2
DA:12,1
DA:13,0
DA:14,0
DA:15,0
DA:18,1
DA:19,1
DA:20,1
DA:21,1
DA:22,5
DA:23,5
DA:24,4
DA:25,2
DA:26,1
DA:28,1
DA:29,1
DA:32,2
DA:35,1
DA:37,5
DA:39,1
DA:42,1
DA:43,1
DA:44,1
DA:47,1
DA:48,1
DA:49,0
DA:50,0
DA:52,1
DA:53,1
DA:54,0
DA:55,0
DA:57,1
DA:58,1
DA:61,1
DA:62,1
DA:63,1
DA:64,1
DA:65,1
DA:67,1
DA:68,1
DA:70,1
DA:71,1
LF:45
LH:38
BRDA:23,0,0,4
BRDA:23,0,1,1
BRDA:24,1,0,2
BRDA:24,1,1,2
BRDA:25,2,0,1
BRDA:25,2,1,1
BRDA:47,3,0,1
BRDA:47,3,1,0
BRDA:49,4,0,0
BRDA:49,4,1,0
BRDA:52,5,0,1
BRDA:52,5,1,0
BRDA:54,6,0,0
BRDA:54,6,1,0
BRDA:64,7,0,1
BRDA:64,7,1,0
BRDA:67,8,0,1
BRDA:67,8,1,0
BRF:18
BRH:10
end_of_record
